<?xml version="1.0" encoding="UTF-8"?>
<testsuite name="pathfinder.implTest.datastructures.TestPoint" tests="4" skipped="0" failures="0" errors="0" timestamp="2020-02-28T04:48:01" hostname="DESKTOP-0D3ORD0" time="0.002">
  <properties/>
  <testcase name="testHashcodeConsistent" classname="pathfinder.implTest.datastructures.TestPoint" time="0.0"/>
  <testcase name="testRightCorrect" classname="pathfinder.implTest.datastructures.TestPoint" time="0.0"/>
  <testcase name="testEquals" classname="pathfinder.implTest.datastructures.TestPoint" time="0.0"/>
  <testcase name="testXCorrect" classname="pathfinder.implTest.datastructures.TestPoint" time="0.0"/>
  <system-out><![CDATA[]]></system-out>
  <system-err><![CDATA[]]></system-err>
</testsuite>
