<?xml version="1.0" encoding="UTF-8"?>
<testsuite name="graph.specTest.ScriptFileTests" tests="8" skipped="0" failures="0" errors="0" timestamp="2020-02-28T04:10:41" hostname="DESKTOP-0D3ORD0" time="0.138">
  <properties/>
  <testcase name="checkOutput[exampleTestVariousCases1]" classname="graph.specTest.ScriptFileTests" time="0.088"/>
  <testcase name="checkOutput[exampleTestVariousCases2]" classname="graph.specTest.ScriptFileTests" time="0.007"/>
  <testcase name="checkOutput[testAddEdge]" classname="graph.specTest.ScriptFileTests" time="0.007"/>
  <testcase name="checkOutput[testAddNode]" classname="graph.specTest.ScriptFileTests" time="0.005"/>
  <testcase name="checkOutput[testEmptyGraph]" classname="graph.specTest.ScriptFileTests" time="0.011"/>
  <testcase name="checkOutput[testModifyTwoGraphs]" classname="graph.specTest.ScriptFileTests" time="0.005"/>
  <testcase name="checkOutput[testNoChildren]" classname="graph.specTest.ScriptFileTests" time="0.005"/>
  <testcase name="checkOutput[testReflexiveEdge]" classname="graph.specTest.ScriptFileTests" time="0.006"/>
  <system-out><![CDATA[]]></system-out>
  <system-err><![CDATA[]]></system-err>
</testsuite>
