<?xml version="1.0" encoding="UTF-8"?>
<testsuite name="graph.implTest.TestGraphImpl" tests="8" skipped="0" failures="0" errors="0" timestamp="2020-02-28T04:10:41" hostname="DESKTOP-0D3ORD0" time="0.055">
  <properties/>
  <testcase name="testToString" classname="graph.implTest.TestGraphImpl" time="0.044"/>
  <testcase name="testAddDuplicateNodes" classname="graph.implTest.TestGraphImpl" time="0.001"/>
  <testcase name="testRemoveFromTwoGraphs" classname="graph.implTest.TestGraphImpl" time="0.001"/>
  <testcase name="testRemoveEdge" classname="graph.implTest.TestGraphImpl" time="0.0"/>
  <testcase name="testRemoveNonExistentEdge" classname="graph.implTest.TestGraphImpl" time="0.001"/>
  <testcase name="testEquality" classname="graph.implTest.TestGraphImpl" time="0.0"/>
  <testcase name="testAddEdgeToNonExistentNodes" classname="graph.implTest.TestGraphImpl" time="0.001"/>
  <testcase name="testAddDuplicateEdge" classname="graph.implTest.TestGraphImpl" time="0.001"/>
  <system-out><![CDATA[]]></system-out>
  <system-err><![CDATA[]]></system-err>
</testsuite>
